Performing C++ SOURCE FILE Test CMAKE_HAVE_LIBC_PTHREAD failed with the following output:
Change Dir: /home/joel/Qt_proyects/build-Ide-Desktop_Qt_6_0_3_GCC_64bit-Debug/CMakeFiles/CMakeTmp

Run Build Command(s):/home/joel/Qt/Tools/Ninja/ninja cmTC_59fce && [1/2] Building CXX object CMakeFiles/cmTC_59fce.dir/src.cxx.o
[2/2] Linking CXX executable cmTC_59fce
FAILED: cmTC_59fce 
: && /usr/bin/g++   CMakeFiles/cmTC_59fce.dir/src.cxx.o -o cmTC_59fce   && :
/usr/bin/ld: CMakeFiles/cmTC_59fce.dir/src.cxx.o: en la función `main':
src.cxx:(.text+0x46): referencia a `pthread_create' sin definir
/usr/bin/ld: src.cxx:(.text+0x52): referencia a `pthread_detach' sin definir
/usr/bin/ld: src.cxx:(.text+0x5e): referencia a `pthread_cancel' sin definir
/usr/bin/ld: src.cxx:(.text+0x6f): referencia a `pthread_join' sin definir
collect2: error: ld returned 1 exit status
ninja: build stopped: subcommand failed.


Source file was:
#include <pthread.h>

static void* test_func(void* data)
{
  return data;
}

int main(void)
{
  pthread_t thread;
  pthread_create(&thread, NULL, test_func, NULL);
  pthread_detach(thread);
  pthread_cancel(thread);
  pthread_join(thread, NULL);
  pthread_atfork(NULL, NULL, NULL);
  pthread_exit(NULL);

  return 0;
}

